---------------------------------------------------------------
[ 2018-06-27T05:12:55+00:00 ] 0.0.0.0 GET /index.php/api/v1/banner/1
[ info ] localhost:8081/index.php/api/v1/banner/1 [运行时间：0.030636s][吞吐率：32.64req/s] [内存消耗：1,009.49kb] [文件加载：32]
[ error ] [8]Use of undefined constant sql - assumed 'sql'[F:\phpStudy\PHPTutorial\WWW\tp5\application\config.php:171]
[ info ] [ LOG ] INIT File
---------------------------------------------------------------
[ 2018-06-27T13:26:39+08:00 ] 0.0.0.0 GET /index.php/api/v1/banner/1
[ info ] localhost:8081/index.php/api/v1/banner/1 [运行时间：0.357089s][吞吐率：2.80req/s] [内存消耗：1,955.28kb] [文件加载：50]
[ sql ] [ DB ] CONNECT:[ UseTime:0.182004s ] mysql:host=127.0.0.1;port=3306;dbname=zerg;charset=utf8
[ sql ] [ SQL ] SHOW COLUMNS FROM `banner` [ RunTime:0.039865s ]
[ sql ] [ SQL ] SELECT * FROM `banner` WHERE  `id` = 1 LIMIT 1 [ RunTime:0.001990s ]
[ sql ] [ SQL ] SHOW COLUMNS FROM `banner_item` [ RunTime:0.016104s ]
[ sql ] [ SQL ] SELECT * FROM `banner_item` WHERE  `banner_id` = 1 [ RunTime:0.001112s ]
---------------------------------------------------------------
[ 2018-06-27T13:36:00+08:00 ] 0.0.0.0 GET /index.php/api/v1/banner/1
[ info ] localhost:8081/index.php/api/v1/banner/1 [运行时间：0.297538s][吞吐率：3.36req/s] [内存消耗：2,011.66kb] [文件加载：53]
[ sql ] [ DB ] CONNECT:[ UseTime:0.094467s ] mysql:host=127.0.0.1;port=3306;dbname=zerg;charset=utf8
[ sql ] [ SQL ] SHOW COLUMNS FROM `banner` [ RunTime:0.022700s ]
[ sql ] [ SQL ] SELECT * FROM `banner` WHERE  `id` = 1 LIMIT 1 [ RunTime:0.001061s ]
[ sql ] [ SQL ] SHOW COLUMNS FROM `banner_item` [ RunTime:0.012837s ]
[ sql ] [ SQL ] SELECT * FROM `banner_item` WHERE  `banner_id` = 1 [ RunTime:0.000940s ]
[ sql ] [ SQL ] SELECT * FROM `banner_item` WHERE  `banner_id` = 1 [ RunTime:0.001078s ]
[ sql ] [ SQL ] SHOW COLUMNS FROM `image` [ RunTime:0.014161s ]
[ sql ] [ SQL ] SELECT * FROM `image` WHERE  `id` IN (65,2,3,1) [ RunTime:0.043801s ]
---------------------------------------------------------------
[ 2018-06-27T13:45:06+08:00 ] 0.0.0.0 GET /index.php/api/v1/banner/1
[ info ] localhost:8081/index.php/api/v1/banner/1 [运行时间：0.340625s][吞吐率：2.94req/s] [内存消耗：2,011.86kb] [文件加载：53]
[ sql ] [ DB ] CONNECT:[ UseTime:0.093864s ] mysql:host=127.0.0.1;port=3306;dbname=zerg;charset=utf8
[ sql ] [ SQL ] SHOW COLUMNS FROM `banner` [ RunTime:0.017946s ]
[ sql ] [ SQL ] SELECT * FROM `banner` WHERE  `id` = 1 LIMIT 1 [ RunTime:0.000992s ]
[ sql ] [ SQL ] SHOW COLUMNS FROM `banner_item` [ RunTime:0.015493s ]
[ sql ] [ SQL ] SELECT * FROM `banner_item` WHERE  `banner_id` = 1 [ RunTime:0.001073s ]
[ sql ] [ SQL ] SELECT * FROM `banner_item` WHERE  `banner_id` = 1 [ RunTime:0.001086s ]
[ sql ] [ SQL ] SHOW COLUMNS FROM `image` [ RunTime:0.018566s ]
[ sql ] [ SQL ] SELECT * FROM `image` WHERE  `id` IN (65,2,3,1) [ RunTime:0.001452s ]
---------------------------------------------------------------
[ 2018-06-27T13:45:35+08:00 ] 0.0.0.0 GET /index.php/api/v1/banner/1
[ info ] localhost:8081/index.php/api/v1/banner/1 [运行时间：0.188899s][吞吐率：5.29req/s] [内存消耗：2,043.42kb] [文件加载：55]
[ sql ] [ DB ] CONNECT:[ UseTime:0.008713s ] mysql:host=127.0.0.1;port=3306;dbname=zerg;charset=utf8
[ sql ] [ SQL ] SHOW COLUMNS FROM `banner` [ RunTime:0.016572s ]
[ sql ] [ SQL ] SELECT * FROM `banner` WHERE  `id` = 1 LIMIT 1 [ RunTime:0.000938s ]
[ sql ] [ SQL ] SHOW COLUMNS FROM `banner_item` [ RunTime:0.015377s ]
[ sql ] [ SQL ] SELECT * FROM `banner_item` WHERE  `banner_id` = 1 [ RunTime:0.000982s ]
[ sql ] [ SQL ] SELECT * FROM `banner_item` WHERE  `banner_id` = 1 [ RunTime:0.000975s ]
[ sql ] [ SQL ] SHOW COLUMNS FROM `image` [ RunTime:0.016196s ]
[ sql ] [ SQL ] SELECT * FROM `image` WHERE  `id` IN (65,2,3,1) [ RunTime:0.001373s ]
---------------------------------------------------------------
[ 2018-06-27T13:49:17+08:00 ] 0.0.0.0 GET /index.php/api/v1/banner/1
[ info ] localhost:8081/index.php/api/v1/banner/1 [运行时间：0.153972s][吞吐率：6.49req/s] [内存消耗：2,047.62kb] [文件加载：56]
[ sql ] [ DB ] CONNECT:[ UseTime:0.006349s ] mysql:host=127.0.0.1;port=3306;dbname=zerg;charset=utf8
[ sql ] [ SQL ] SHOW COLUMNS FROM `banner` [ RunTime:0.019695s ]
[ sql ] [ SQL ] SELECT * FROM `banner` WHERE  `id` = 1 LIMIT 1 [ RunTime:0.001015s ]
[ sql ] [ SQL ] SHOW COLUMNS FROM `banner_item` [ RunTime:0.013693s ]
[ sql ] [ SQL ] SELECT * FROM `banner_item` WHERE  `banner_id` = 1 [ RunTime:0.001093s ]
[ sql ] [ SQL ] SELECT * FROM `banner_item` WHERE  `banner_id` = 1 [ RunTime:0.001247s ]
[ sql ] [ SQL ] SHOW COLUMNS FROM `image` [ RunTime:0.014573s ]
[ sql ] [ SQL ] SELECT * FROM `image` WHERE  `id` IN (65,2,3,1) [ RunTime:0.001264s ]
---------------------------------------------------------------
[ 2018-06-27T13:51:26+08:00 ] 0.0.0.0 GET /index.php/api/v1/banner/1
[ info ] localhost:8081/index.php/api/v1/banner/1 [运行时间：0.118365s][吞吐率：8.45req/s] [内存消耗：2,043.42kb] [文件加载：55]
[ sql ] [ DB ] CONNECT:[ UseTime:0.005723s ] mysql:host=127.0.0.1;port=3306;dbname=zerg;charset=utf8
[ sql ] [ SQL ] SHOW COLUMNS FROM `banner` [ RunTime:0.022628s ]
[ sql ] [ SQL ] SELECT * FROM `banner` WHERE  `id` = 1 LIMIT 1 [ RunTime:0.000963s ]
[ sql ] [ SQL ] SHOW COLUMNS FROM `banner_item` [ RunTime:0.013320s ]
[ sql ] [ SQL ] SELECT * FROM `banner_item` WHERE  `banner_id` = 1 [ RunTime:0.001012s ]
[ sql ] [ SQL ] SELECT * FROM `banner_item` WHERE  `banner_id` = 1 [ RunTime:0.001019s ]
[ sql ] [ SQL ] SHOW COLUMNS FROM `image` [ RunTime:0.015918s ]
[ sql ] [ SQL ] SELECT * FROM `image` WHERE  `id` IN (65,2,3,1) [ RunTime:0.000964s ]
---------------------------------------------------------------
[ 2018-06-27T13:53:32+08:00 ] 0.0.0.0 GET /index.php/api/v1/banner/1
[ info ] localhost:8081/index.php/api/v1/banner/1 [运行时间：0.211854s][吞吐率：4.72req/s] [内存消耗：2,047.62kb] [文件加载：56]
[ sql ] [ DB ] CONNECT:[ UseTime:0.085867s ] mysql:host=127.0.0.1;port=3306;dbname=zerg;charset=utf8
[ sql ] [ SQL ] SHOW COLUMNS FROM `banner` [ RunTime:0.020066s ]
[ sql ] [ SQL ] SELECT * FROM `banner` WHERE  `id` = 1 LIMIT 1 [ RunTime:0.001057s ]
[ sql ] [ SQL ] SHOW COLUMNS FROM `banner_item` [ RunTime:0.013830s ]
[ sql ] [ SQL ] SELECT * FROM `banner_item` WHERE  `banner_id` = 1 [ RunTime:0.001102s ]
[ sql ] [ SQL ] SELECT * FROM `banner_item` WHERE  `banner_id` = 1 [ RunTime:0.001088s ]
[ sql ] [ SQL ] SHOW COLUMNS FROM `image` [ RunTime:0.014976s ]
[ sql ] [ SQL ] SELECT * FROM `image` WHERE  `id` IN (65,2,3,1) [ RunTime:0.001039s ]
---------------------------------------------------------------
[ 2018-06-27T13:54:02+08:00 ] 0.0.0.0 GET /index.php/api/v1/banner/1
[ info ] localhost:8081/index.php/api/v1/banner/1 [运行时间：0.178611s][吞吐率：5.60req/s] [内存消耗：2,011.67kb] [文件加载：53]
[ sql ] [ DB ] CONNECT:[ UseTime:0.006581s ] mysql:host=127.0.0.1;port=3306;dbname=zerg;charset=utf8
[ sql ] [ SQL ] SHOW COLUMNS FROM `banner` [ RunTime:0.035145s ]
[ sql ] [ SQL ] SELECT * FROM `banner` WHERE  `id` = 1 LIMIT 1 [ RunTime:0.001210s ]
[ sql ] [ SQL ] SHOW COLUMNS FROM `banner_item` [ RunTime:0.028475s ]
[ sql ] [ SQL ] SELECT * FROM `banner_item` WHERE  `banner_id` = 1 [ RunTime:0.001079s ]
[ sql ] [ SQL ] SELECT * FROM `banner_item` WHERE  `banner_id` = 1 [ RunTime:0.001162s ]
[ sql ] [ SQL ] SHOW COLUMNS FROM `image` [ RunTime:0.035400s ]
[ sql ] [ SQL ] SELECT * FROM `image` WHERE  `id` IN (65,2,3,1) [ RunTime:0.001207s ]
---------------------------------------------------------------
[ 2018-06-27T13:54:48+08:00 ] 0.0.0.0 GET /index.php/api/v1/banner/1
[ info ] localhost:8081/index.php/api/v1/banner/1 [运行时间：0.148956s][吞吐率：6.71req/s] [内存消耗：2,011.67kb] [文件加载：53]
[ sql ] [ DB ] CONNECT:[ UseTime:0.005897s ] mysql:host=127.0.0.1;port=3306;dbname=zerg;charset=utf8
[ sql ] [ SQL ] SHOW COLUMNS FROM `banner` [ RunTime:0.032054s ]
[ sql ] [ SQL ] SELECT * FROM `banner` WHERE  `id` = 1 LIMIT 1 [ RunTime:0.000965s ]
[ sql ] [ SQL ] SHOW COLUMNS FROM `banner_item` [ RunTime:0.027350s ]
[ sql ] [ SQL ] SELECT * FROM `banner_item` WHERE  `banner_id` = 1 [ RunTime:0.001232s ]
[ sql ] [ SQL ] SELECT * FROM `banner_item` WHERE  `banner_id` = 1 [ RunTime:0.000984s ]
[ sql ] [ SQL ] SHOW COLUMNS FROM `image` [ RunTime:0.023967s ]
[ sql ] [ SQL ] SELECT * FROM `image` WHERE  `id` IN (65,2,3,1) [ RunTime:0.001027s ]
---------------------------------------------------------------
[ 2018-06-27T13:58:49+08:00 ] 0.0.0.0 GET /index.php/api/v1/banner/1
[ info ] localhost:8081/index.php/api/v1/banner/1 [运行时间：0.184357s][吞吐率：5.42req/s] [内存消耗：2,012.12kb] [文件加载：53]
[ sql ] [ DB ] CONNECT:[ UseTime:0.008947s ] mysql:host=127.0.0.1;port=3306;dbname=zerg;charset=utf8
[ sql ] [ SQL ] SHOW COLUMNS FROM `banner` [ RunTime:0.031584s ]
[ sql ] [ SQL ] SELECT * FROM `banner` WHERE  `id` = 1 LIMIT 1 [ RunTime:0.001070s ]
[ sql ] [ SQL ] SHOW COLUMNS FROM `banner_item` [ RunTime:0.028009s ]
[ sql ] [ SQL ] SELECT * FROM `banner_item` WHERE  `banner_id` = 1 [ RunTime:0.001054s ]
[ sql ] [ SQL ] SELECT * FROM `banner_item` WHERE  `banner_id` = 1 [ RunTime:0.001202s ]
[ sql ] [ SQL ] SHOW COLUMNS FROM `image` [ RunTime:0.029113s ]
[ sql ] [ SQL ] SELECT * FROM `image` WHERE  `id` IN (65,2,3,1) [ RunTime:0.001047s ]
---------------------------------------------------------------
[ 2018-06-27T14:00:08+08:00 ] 0.0.0.0 GET /index.php/api/v1/banner/1
[ info ] localhost:8081/index.php/api/v1/banner/1 [运行时间：0.260150s][吞吐率：3.84req/s] [内存消耗：2,012.11kb] [文件加载：53]
[ sql ] [ DB ] CONNECT:[ UseTime:0.102461s ] mysql:host=127.0.0.1;port=3306;dbname=zerg;charset=utf8
[ sql ] [ SQL ] SHOW COLUMNS FROM `banner` [ RunTime:0.033820s ]
[ sql ] [ SQL ] SELECT * FROM `banner` WHERE  `id` = 1 LIMIT 1 [ RunTime:0.001235s ]
[ sql ] [ SQL ] SHOW COLUMNS FROM `banner_item` [ RunTime:0.028256s ]
[ sql ] [ SQL ] SELECT * FROM `banner_item` WHERE  `banner_id` = 1 [ RunTime:0.001163s ]
[ sql ] [ SQL ] SELECT * FROM `banner_item` WHERE  `banner_id` = 1 [ RunTime:0.001284s ]
[ sql ] [ SQL ] SHOW COLUMNS FROM `image` [ RunTime:0.032275s ]
[ sql ] [ SQL ] SELECT * FROM `image` WHERE  `id` IN (65,2,3,1) [ RunTime:0.001124s ]
---------------------------------------------------------------
[ 2018-06-27T14:21:11+08:00 ] 0.0.0.0 GET /index.php/api/v1/banner/1
[ info ] localhost:8081/index.php/api/v1/banner/1 [运行时间：0.257992s][吞吐率：3.88req/s] [内存消耗：2,011.11kb] [文件加载：53]
[ sql ] [ DB ] CONNECT:[ UseTime:0.103126s ] mysql:host=127.0.0.1;port=3306;dbname=zerg;charset=utf8
[ sql ] [ SQL ] SHOW COLUMNS FROM `banner` [ RunTime:0.044878s ]
[ sql ] [ SQL ] SELECT * FROM `banner` WHERE  `id` = 1 LIMIT 1 [ RunTime:0.001219s ]
[ sql ] [ SQL ] SHOW COLUMNS FROM `banner_item` [ RunTime:0.015879s ]
[ sql ] [ SQL ] SELECT * FROM `banner_item` WHERE  `banner_id` = 1 [ RunTime:0.001124s ]
[ sql ] [ SQL ] SELECT * FROM `banner_item` WHERE  `banner_id` = 1 [ RunTime:0.001151s ]
[ sql ] [ SQL ] SHOW COLUMNS FROM `image` [ RunTime:0.015746s ]
[ sql ] [ SQL ] SELECT * FROM `image` WHERE  `id` IN (65,2,3,1) [ RunTime:0.001110s ]
---------------------------------------------------------------
[ 2018-06-27T14:25:27+08:00 ] 0.0.0.0 GET /index.php/api/v1/banner/1
[ info ] localhost:8081/index.php/api/v1/banner/1 [运行时间：0.155212s][吞吐率：6.44req/s] [内存消耗：2,011.59kb] [文件加载：53]
[ sql ] [ DB ] CONNECT:[ UseTime:0.006217s ] mysql:host=127.0.0.1;port=3306;dbname=zerg;charset=utf8
[ sql ] [ SQL ] SHOW COLUMNS FROM `banner` [ RunTime:0.030505s ]
[ sql ] [ SQL ] SELECT * FROM `banner` WHERE  `id` = 1 LIMIT 1 [ RunTime:0.001175s ]
[ sql ] [ SQL ] SHOW COLUMNS FROM `banner_item` [ RunTime:0.022304s ]
[ sql ] [ SQL ] SELECT * FROM `banner_item` WHERE  `banner_id` = 1 [ RunTime:0.001008s ]
[ sql ] [ SQL ] SELECT * FROM `banner_item` WHERE  `banner_id` = 1 [ RunTime:0.001066s ]
[ sql ] [ SQL ] SHOW COLUMNS FROM `image` [ RunTime:0.021699s ]
[ sql ] [ SQL ] SELECT * FROM `image` WHERE  `id` IN (65,2,3,1) [ RunTime:0.000976s ]
---------------------------------------------------------------
[ 2018-06-27T14:27:28+08:00 ] 0.0.0.0 GET /index.php/api/v1/banner/1
[ info ] localhost:8081/index.php/api/v1/banner/1 [运行时间：0.151699s][吞吐率：6.59req/s] [内存消耗：2,011.64kb] [文件加载：53]
[ sql ] [ DB ] CONNECT:[ UseTime:0.008782s ] mysql:host=127.0.0.1;port=3306;dbname=zerg;charset=utf8
[ sql ] [ SQL ] SHOW COLUMNS FROM `banner` [ RunTime:0.029563s ]
[ sql ] [ SQL ] SELECT * FROM `banner` WHERE  `id` = 1 LIMIT 1 [ RunTime:0.001022s ]
[ sql ] [ SQL ] SHOW COLUMNS FROM `banner_item` [ RunTime:0.023296s ]
[ sql ] [ SQL ] SELECT * FROM `banner_item` WHERE  `banner_id` = 1 [ RunTime:0.001000s ]
[ sql ] [ SQL ] SELECT * FROM `banner_item` WHERE  `banner_id` = 1 [ RunTime:0.001076s ]
[ sql ] [ SQL ] SHOW COLUMNS FROM `image` [ RunTime:0.023922s ]
[ sql ] [ SQL ] SELECT * FROM `image` WHERE  `id` IN (65,2,3,1) [ RunTime:0.000997s ]
---------------------------------------------------------------
[ 2018-06-27T20:31:21+08:00 ] 0.0.0.0 GET /index.php/api/v1/banner/1
[ info ] localhost:8081/index.php/api/v1/banner/1 [运行时间：0.232463s][吞吐率：4.30req/s] [内存消耗：2,012.29kb] [文件加载：54]
[ sql ] [ DB ] CONNECT:[ UseTime:0.088468s ] mysql:host=127.0.0.1;port=3306;dbname=zerg;charset=utf8
[ sql ] [ SQL ] SHOW COLUMNS FROM `banner` [ RunTime:0.051436s ]
[ sql ] [ SQL ] SELECT * FROM `banner` WHERE  `id` = 1 LIMIT 1 [ RunTime:0.001360s ]
[ sql ] [ SQL ] SHOW COLUMNS FROM `banner_item` [ RunTime:0.014567s ]
[ sql ] [ SQL ] SELECT * FROM `banner_item` WHERE  `banner_id` = 1 [ RunTime:0.001113s ]
[ sql ] [ SQL ] SELECT * FROM `banner_item` WHERE  `banner_id` = 1 [ RunTime:0.001028s ]
[ sql ] [ SQL ] SHOW COLUMNS FROM `image` [ RunTime:0.017671s ]
[ sql ] [ SQL ] SELECT * FROM `image` WHERE  `id` IN (65,2,3,1) [ RunTime:0.001306s ]
---------------------------------------------------------------
[ 2018-06-27T21:05:51+08:00 ] 0.0.0.0 GET /index.php/api/v1/banner/1
[ info ] localhost:8081/index.php/api/v1/banner/1 [运行时间：0.258099s][吞吐率：3.87req/s] [内存消耗：2,012.73kb] [文件加载：54]
[ sql ] [ DB ] CONNECT:[ UseTime:0.112254s ] mysql:host=127.0.0.1;port=3306;dbname=zerg;charset=utf8
[ sql ] [ SQL ] SHOW COLUMNS FROM `banner` [ RunTime:0.025334s ]
[ sql ] [ SQL ] SELECT * FROM `banner` WHERE  `id` = 1 LIMIT 1 [ RunTime:0.003067s ]
[ sql ] [ SQL ] SHOW COLUMNS FROM `banner_item` [ RunTime:0.018705s ]
[ sql ] [ SQL ] SELECT * FROM `banner_item` WHERE  `banner_id` = 1 [ RunTime:0.001097s ]
[ sql ] [ SQL ] SELECT * FROM `banner_item` WHERE  `banner_id` = 1 [ RunTime:0.001158s ]
[ sql ] [ SQL ] SHOW COLUMNS FROM `image` [ RunTime:0.017567s ]
[ sql ] [ SQL ] SELECT * FROM `image` WHERE  `id` IN (65,2,3,1) [ RunTime:0.001377s ]
---------------------------------------------------------------
[ 2018-06-27T21:16:05+08:00 ] 0.0.0.0 GET /index.php/api/v1/banner/1
[ info ] localhost:8081/index.php/api/v1/banner/1 [运行时间：0.219898s][吞吐率：4.55req/s] [内存消耗：2,019.64kb] [文件加载：55]
[ sql ] [ DB ] CONNECT:[ UseTime:0.098076s ] mysql:host=127.0.0.1;port=3306;dbname=zerg;charset=utf8
[ sql ] [ SQL ] SHOW COLUMNS FROM `banner` [ RunTime:0.024171s ]
[ sql ] [ SQL ] SELECT * FROM `banner` WHERE  `id` = 1 LIMIT 1 [ RunTime:0.001025s ]
[ sql ] [ SQL ] SHOW COLUMNS FROM `banner_item` [ RunTime:0.016020s ]
[ sql ] [ SQL ] SELECT * FROM `banner_item` WHERE  `banner_id` = 1 [ RunTime:0.001296s ]
[ sql ] [ SQL ] SELECT * FROM `banner_item` WHERE  `banner_id` = 1 [ RunTime:0.001049s ]
[ sql ] [ SQL ] SHOW COLUMNS FROM `image` [ RunTime:0.015356s ]
[ sql ] [ SQL ] SELECT * FROM `image` WHERE  `id` IN (65,2,3,1) [ RunTime:0.001235s ]
---------------------------------------------------------------
[ 2018-06-27T21:21:06+08:00 ] 0.0.0.0 GET /index.php/api/v1/banner/1
[ info ] localhost:8081/index.php/api/v1/banner/1 [运行时间：0.127356s][吞吐率：7.85req/s] [内存消耗：2,020.09kb] [文件加载：55]
[ sql ] [ DB ] CONNECT:[ UseTime:0.006420s ] mysql:host=127.0.0.1;port=3306;dbname=zerg;charset=utf8
[ sql ] [ SQL ] SHOW COLUMNS FROM `banner` [ RunTime:0.024129s ]
[ sql ] [ SQL ] SELECT * FROM `banner` WHERE  `id` = 1 LIMIT 1 [ RunTime:0.001009s ]
[ sql ] [ SQL ] SHOW COLUMNS FROM `banner_item` [ RunTime:0.017320s ]
[ sql ] [ SQL ] SELECT * FROM `banner_item` WHERE  `banner_id` = 1 [ RunTime:0.001257s ]
[ sql ] [ SQL ] SELECT * FROM `banner_item` WHERE  `banner_id` = 1 [ RunTime:0.001122s ]
[ sql ] [ SQL ] SHOW COLUMNS FROM `image` [ RunTime:0.014984s ]
[ sql ] [ SQL ] SELECT * FROM `image` WHERE  `id` IN (65,2,3,1) [ RunTime:0.001025s ]
